2026-07-06T20:30:10.065573Z  INFO herdr::logging: herdr starting event="app.startup" subsystem="client" outcome="started" pid=58664
2026-07-06T20:30:10.065674Z  INFO herdr::client: connecting to server path=/Users/jwatson/.config/herdr/herdr-client.sock
2026-07-06T20:30:10.247549Z  INFO herdr::client: handshake succeeded version=14 encoding=SemanticFrame
2026-07-06T20:35:52.724298Z  INFO herdr::logging: herdr exiting event="app.shutdown" subsystem="client" outcome="completed" pid=58664
2026-07-06T20:35:55.282638Z  INFO herdr::logging: herdr starting event="app.startup" subsystem="client" outcome="started" pid=59062
2026-07-06T20:35:55.282739Z  INFO herdr::client: connecting to server path=/Users/jwatson/.config/herdr/herdr-client.sock
2026-07-06T20:35:55.535470Z  INFO herdr::client: handshake succeeded version=14 encoding=SemanticFrame
2026-07-06T20:36:42.280711Z  WARN herdr::raw_input: flushing lone escape after input timeout; if this follows an alt chord or focus switch it may reach the pane as plain esc bytes=[27]
2026-07-06T20:36:42.281052Z  WARN herdr::raw_input: flushing lone escape after input timeout; if this follows an alt chord or focus switch it may reach the pane as plain esc bytes=[27]
2026-07-06T20:36:52.522657Z  WARN herdr::raw_input: flushing lone escape after input timeout; if this follows an alt chord or focus switch it may reach the pane as plain esc bytes=[27]
2026-07-06T20:36:52.522772Z  WARN herdr::raw_input: flushing lone escape after input timeout; if this follows an alt chord or focus switch it may reach the pane as plain esc bytes=[27]
2026-07-06T20:37:11.891291Z  WARN herdr::raw_input: flushing lone escape after input timeout; if this follows an alt chord or focus switch it may reach the pane as plain esc bytes=[27]
2026-07-06T20:37:11.891522Z  WARN herdr::raw_input: flushing lone escape after input timeout; if this follows an alt chord or focus switch it may reach the pane as plain esc bytes=[27]
2026-07-06T20:37:55.130198Z  INFO herdr::logging: herdr exiting event="app.shutdown" subsystem="client" outcome="completed" pid=59062
2026-07-06T20:41:23.190815Z  INFO herdr::logging: herdr starting event="app.startup" subsystem="client" outcome="started" pid=60124
2026-07-06T20:41:23.191379Z  INFO herdr::client: connecting to server path=/Users/jwatson/.config/herdr/herdr-client.sock
2026-07-06T20:41:23.403291Z  INFO herdr::client: handshake succeeded version=14 encoding=SemanticFrame
2026-07-06T20:44:52.266675Z  INFO herdr::logging: herdr exiting event="app.shutdown" subsystem="client" outcome="completed" pid=60124
2026-07-06T20:44:53.501692Z  INFO herdr::logging: herdr starting event="app.startup" subsystem="client" outcome="started" pid=60323
2026-07-06T20:44:53.501783Z  INFO herdr::client: connecting to server path=/Users/jwatson/.config/herdr/herdr-client.sock
2026-07-06T20:44:53.514806Z  INFO herdr::client: handshake succeeded version=14 encoding=SemanticFrame
2026-07-06T20:45:28.867809Z  WARN herdr::raw_input: flushing lone escape after input timeout; if this follows an alt chord or focus switch it may reach the pane as plain esc bytes=[27]
2026-07-06T20:45:28.867971Z  WARN herdr::raw_input: flushing lone escape after input timeout; if this follows an alt chord or focus switch it may reach the pane as plain esc bytes=[27]
2026-07-06T20:45:48.296005Z  WARN herdr::raw_input: flushing lone escape after input timeout; if this follows an alt chord or focus switch it may reach the pane as plain esc bytes=[27]
2026-07-06T20:45:48.296176Z  WARN herdr::raw_input: flushing lone escape after input timeout; if this follows an alt chord or focus switch it may reach the pane as plain esc bytes=[27]
2026-07-06T20:47:26.255810Z  INFO herdr::logging: herdr exiting event="app.shutdown" subsystem="client" outcome="completed" pid=60323
2026-07-06T21:23:20.407179Z  INFO herdr::logging: herdr starting event="app.startup" subsystem="client" outcome="started" pid=62966
2026-07-06T21:23:20.407533Z  INFO herdr::client: connecting to server path=/Users/jwatson/.config/herdr/herdr-client.sock
2026-07-06T21:23:20.580911Z  INFO herdr::client: handshake succeeded version=14 encoding=SemanticFrame
2026-07-06T21:23:47.063632Z  WARN herdr::raw_input: flushing lone escape after input timeout; if this follows an alt chord or focus switch it may reach the pane as plain esc bytes=[27]
2026-07-06T21:23:47.063802Z  WARN herdr::raw_input: flushing lone escape after input timeout; if this follows an alt chord or focus switch it may reach the pane as plain esc bytes=[27]
2026-07-06T21:29:27.378937Z  INFO herdr::logging: herdr exiting event="app.shutdown" subsystem="client" outcome="completed" pid=62966
